<?xml version="1.0" encoding="UTF-8"?>
<!-- Generated by org.testng.reporters.JUnitXMLReporter -->
<testsuite hostname="DESKTOP-E9AKTLM" ignored="0" tests="68" failures="0" timestamp="2019-09-19T21:03:33 CDT" time="0.353" errors="0">
  <testcase name="testBaseGridEncapsulation" time="0.024" classname="GridMonitorTester"/>
  <testcase name="testBaseGridEncapsulation" time="0.004" classname="GridMonitorTester"/>
  <testcase name="testBaseGridEncapsulation" time="0.002" classname="GridMonitorTester"/>
  <testcase name="testBaseGridEncapsulation" time="0.006" classname="GridMonitorTester"/>
  <testcase name="testBaseGridEncapsulation" time="0.002" classname="GridMonitorTester"/>
  <testcase name="testBaseGridEncapsulation" time="0.002" classname="GridMonitorTester"/>
  <testcase name="testConstructor" time="0.002" classname="GridMonitorTester"/>
  <testcase name="testConstructor" time="0.001" classname="GridMonitorTester"/>
  <testcase name="testConstructor" time="0.002" classname="GridMonitorTester"/>
  <testcase name="testConstructor" time="0.003" classname="GridMonitorTester"/>
  <testcase name="testConstructor" time="0.002" classname="GridMonitorTester"/>
  <testcase name="testConstructor" time="0.002" classname="GridMonitorTester"/>
  <testcase name="testDangerGridEncapsulation" time="0.002" classname="GridMonitorTester"/>
  <testcase name="testDangerGridEncapsulation" time="0.001" classname="GridMonitorTester"/>
  <testcase name="testDangerGridEncapsulation" time="0.001" classname="GridMonitorTester"/>
  <testcase name="testDangerGridEncapsulation" time="0.002" classname="GridMonitorTester"/>
  <testcase name="testDangerGridEncapsulation" time="0.002" classname="GridMonitorTester"/>
  <testcase name="testDangerGridEncapsulation" time="0.002" classname="GridMonitorTester"/>
  <testcase name="testDeltaGridEncapsulation" time="0.001" classname="GridMonitorTester"/>
  <testcase name="testDeltaGridEncapsulation" time="0.002" classname="GridMonitorTester"/>
  <testcase name="testDeltaGridEncapsulation" time="0.001" classname="GridMonitorTester"/>
  <testcase name="testDeltaGridEncapsulation" time="0.002" classname="GridMonitorTester"/>
  <testcase name="testDeltaGridEncapsulation" time="0.002" classname="GridMonitorTester"/>
  <testcase name="testDeltaGridEncapsulation" time="0.014" classname="GridMonitorTester"/>
  <testcase name="testFileNotFoundException" time="0.003" classname="GridMonitorTester"/>
  <testcase name="testGetBaseGrid" time="0.004" classname="GridMonitorTester"/>
  <testcase name="testGetBaseGrid" time="0.003" classname="GridMonitorTester"/>
  <testcase name="testGetBaseGrid" time="0.002" classname="GridMonitorTester"/>
  <testcase name="testGetBaseGrid" time="0.002" classname="GridMonitorTester"/>
  <testcase name="testGetBaseGrid" time="0.003" classname="GridMonitorTester"/>
  <testcase name="testGetBaseGrid" time="0.001" classname="GridMonitorTester"/>
  <testcase name="testGetDangerGrid" time="0.002" classname="GridMonitorTester"/>
  <testcase name="testGetDangerGrid" time="0.002" classname="GridMonitorTester"/>
  <testcase name="testGetDangerGrid" time="0.001" classname="GridMonitorTester"/>
  <testcase name="testGetDangerGrid" time="0.002" classname="GridMonitorTester"/>
  <testcase name="testGetDangerGrid" time="0.001" classname="GridMonitorTester"/>
  <testcase name="testGetDangerGrid" time="0.001" classname="GridMonitorTester"/>
  <testcase name="testGetDeltaGrid" time="0.002" classname="GridMonitorTester"/>
  <testcase name="testGetDeltaGrid" time="0.001" classname="GridMonitorTester"/>
  <testcase name="testGetDeltaGrid" time="0.001" classname="GridMonitorTester"/>
  <testcase name="testGetDeltaGrid" time="0.002" classname="GridMonitorTester"/>
  <testcase name="testGetDeltaGrid" time="0.001" classname="GridMonitorTester"/>
  <testcase name="testGetDeltaGrid" time="0.001" classname="GridMonitorTester"/>
  <testcase name="testGetSurroundingAvgGrid" time="0.012" classname="GridMonitorTester"/>
  <testcase name="testGetSurroundingAvgGrid" time="0.007" classname="GridMonitorTester"/>
  <testcase name="testGetSurroundingAvgGrid" time="0.002" classname="GridMonitorTester"/>
  <testcase name="testGetSurroundingAvgGrid" time="0.004" classname="GridMonitorTester"/>
  <testcase name="testGetSurroundingAvgGrid" time="0.002" classname="GridMonitorTester"/>
  <testcase name="testGetSurroundingAvgGrid" time="0.002" classname="GridMonitorTester"/>
  <testcase name="testGetSurroundingSumGrid" time="0.003" classname="GridMonitorTester"/>
  <testcase name="testGetSurroundingSumGrid" time="0.002" classname="GridMonitorTester"/>
  <testcase name="testGetSurroundingSumGrid" time="0.004" classname="GridMonitorTester"/>
  <testcase name="testGetSurroundingSumGrid" time="0.032" classname="GridMonitorTester"/>
  <testcase name="testGetSurroundingSumGrid" time="0.003" classname="GridMonitorTester"/>
  <testcase name="testGetSurroundingSumGrid" time="0.006" classname="GridMonitorTester"/>
  <testcase name="testGridMonitorInterface" time="0.001" classname="GridMonitorTester"/>
  <testcase name="testSurroundingAvgGridEncapsulation" time="0.003" classname="GridMonitorTester"/>
  <testcase name="testSurroundingAvgGridEncapsulation" time="0.002" classname="GridMonitorTester"/>
  <testcase name="testSurroundingAvgGridEncapsulation" time="0.001" classname="GridMonitorTester"/>
  <testcase name="testSurroundingAvgGridEncapsulation" time="0.001" classname="GridMonitorTester"/>
  <testcase name="testSurroundingAvgGridEncapsulation" time="0.001" classname="GridMonitorTester"/>
  <testcase name="testSurroundingAvgGridEncapsulation" time="0.001" classname="GridMonitorTester"/>
  <testcase name="testSurroundingSumGridEncapsulation" time="0.001" classname="GridMonitorTester"/>
  <testcase name="testSurroundingSumGridEncapsulation" time="0.001" classname="GridMonitorTester"/>
  <testcase name="testSurroundingSumGridEncapsulation" time="0.001" classname="GridMonitorTester"/>
  <testcase name="testSurroundingSumGridEncapsulation" time="0.001" classname="GridMonitorTester"/>
  <testcase name="testSurroundingSumGridEncapsulation" time="0.001" classname="GridMonitorTester"/>
  <testcase name="testSurroundingSumGridEncapsulation" time="0.001" classname="GridMonitorTester"/>
</testsuite>
